Using pre-set license
Built from '2021.3/staging' branch; Version is '2021.3.4f1 (cb45f9cae8b7) revision 13321721'; Using compiler version '192829333'; Build Type 'Release'
OS: 'Windows 11  (10.0.22000) 64bit Professional' Language: 'ja' Physical Memory: 65280 MB
BatchMode: 1, IsHumanControllingUs: 0, StartBugReporterOnCrash: 0, Is64bit: 1, IsPro: 1

COMMAND LINE ARGUMENTS:
C:\Program Files\Unity 2021.3.4f1\Editor\Unity.exe
-adb2
-batchMode
-noUpm
-name
AssetImportWorker2
-projectPath
C:/Users/kyoichi kagiyama/Documents/depthkit-builtin-rp-vfx-template2
-logFile
Logs/AssetImportWorker2.log
-srvPort
65082
Successfully changed project path to: C:/Users/kyoichi kagiyama/Documents/depthkit-builtin-rp-vfx-template2
C:/Users/kyoichi kagiyama/Documents/depthkit-builtin-rp-vfx-template2
[UnityMemory] Configuration Parameters - Can be set up in boot.config
    "memorysetup-bucket-allocator-granularity=16"
    "memorysetup-bucket-allocator-bucket-count=8"
    "memorysetup-bucket-allocator-block-size=33554432"
    "memorysetup-bucket-allocator-block-count=8"
    "memorysetup-main-allocator-block-size=16777216"
    "memorysetup-thread-allocator-block-size=16777216"
    "memorysetup-gfx-main-allocator-block-size=16777216"
    "memorysetup-gfx-thread-allocator-block-size=16777216"
    "memorysetup-cache-allocator-block-size=4194304"
    "memorysetup-typetree-allocator-block-size=2097152"
    "memorysetup-profiler-bucket-allocator-granularity=16"
    "memorysetup-profiler-bucket-allocator-bucket-count=8"
    "memorysetup-profiler-bucket-allocator-block-size=33554432"
    "memorysetup-profiler-bucket-allocator-block-count=8"
    "memorysetup-profiler-allocator-block-size=16777216"
    "memorysetup-profiler-editor-allocator-block-size=1048576"
    "memorysetup-temp-allocator-size-main=16777216"
    "memorysetup-job-temp-allocator-block-size=2097152"
    "memorysetup-job-temp-allocator-block-size-background=1048576"
    "memorysetup-job-temp-allocator-reduction-small-platforms=262144"
    "memorysetup-temp-allocator-size-background-worker=32768"
    "memorysetup-temp-allocator-size-job-worker=262144"
    "memorysetup-temp-allocator-size-preload-manager=33554432"
    "memorysetup-temp-allocator-size-nav-mesh-worker=65536"
    "memorysetup-temp-allocator-size-audio-worker=65536"
    "memorysetup-temp-allocator-size-cloud-worker=32768"
    "memorysetup-temp-allocator-size-gi-baking-worker=262144"
    "memorysetup-temp-allocator-size-gfx=262144"
Refreshing native plugins compatible for Editor in 122.90 ms, found 7 plugins.
Preloading 0 native plugins for Editor in 0.00 ms.
Initialize engine version: 2021.3.4f1 (cb45f9cae8b7)
[Subsystems] Discovering subsystems at path C:/Program Files/Unity 2021.3.4f1/Editor/Data/Resources/UnitySubsystems
[Subsystems] Discovering subsystems at path C:/Users/kyoichi kagiyama/Documents/depthkit-builtin-rp-vfx-template2/Assets
GfxDevice: creating device client; threaded=0; jobified=0
Direct3D:
    Version:  Direct3D 11.0 [level 11.1]
    Renderer: NVIDIA GeForce RTX 3050 Laptop GPU (ID=0x25a2)
    Vendor:   NVIDIA
    VRAM:     3991 MB
    Driver:   30.0.15.1179
Initialize mono
Mono path[0] = 'C:/Program Files/Unity 2021.3.4f1/Editor/Data/Managed'
Mono path[1] = 'C:/Program Files/Unity 2021.3.4f1/Editor/Data/MonoBleedingEdge/lib/mono/unityjit-win32'
Mono config path = 'C:/Program Files/Unity 2021.3.4f1/Editor/Data/MonoBleedingEdge/etc'
Using monoOptions --debugger-agent=transport=dt_socket,embedding=1,server=y,suspend=n,address=127.0.0.1:56920
Begin MonoManager ReloadAssembly
Registering precompiled unity dll's ...
Register platform support module: C:/Program Files/Unity 2021.3.4f1/Editor/Data/PlaybackEngines/iOSSupport/UnityEditor.iOS.Extensions.dll
Register platform support module: C:/Program Files/Unity 2021.3.4f1/Editor/Data/PlaybackEngines/WindowsStandaloneSupport/UnityEditor.WindowsStandalone.Extensions.dll
Registered in 0.002318 seconds.
Native extension for WindowsStandalone target not found
[usbmuxd] Start listen thread
[usbmuxd] Listen thread started
[usbmuxd] Send listen message
Native extension for iOS target not found
Refreshing native plugins compatible for Editor in 116.09 ms, found 7 plugins.
Preloading 0 native plugins for Editor in 0.00 ms.
Mono: successfully reloaded assembly
- Completed reload, in  0.574 seconds
Domain Reload Profiling:
	ReloadAssembly (575ms)
		BeginReloadAssembly (55ms)
			ExecutionOrderSort (0ms)
			DisableScriptedObjects (0ms)
			BackupInstance (0ms)
			ReleaseScriptingObjects (0ms)
			CreateAndSetChildDomain (1ms)
		EndReloadAssembly (437ms)
			LoadAssemblies (53ms)
			RebuildTransferFunctionScriptingTraits (0ms)
			SetupTypeCache (88ms)
			ReleaseScriptCaches (0ms)
			RebuildScriptCaches (30ms)
			SetupLoadedEditorAssemblies (276ms)
				LogAssemblyErrors (0ms)
				InitializePlatformSupportModulesInManaged (19ms)
				SetLoadedEditorAssemblies (0ms)
				RefreshPlugins (116ms)
				BeforeProcessingInitializeOnLoad (1ms)
				ProcessInitializeOnLoadAttributes (100ms)
				ProcessInitializeOnLoadMethodAttributes (39ms)
				AfterProcessingInitializeOnLoad (0ms)
				EditorAssembliesLoaded (0ms)
			ExecutionOrderSort2 (0ms)
			AwakeInstancesAfterBackupRestoration (0ms)
Platform modules already initialized, skipping
Registering precompiled user dll's ...
Registered in 0.005996 seconds.
Begin MonoManager ReloadAssembly
Symbol file LoadedFromMemory doesn't match image C:\Users\kyoichi kagiyama\Documents\depthkit-builtin-rp-vfx-template2\Library\PackageCache\com.unity.visualscripting@1.7.8\Editor\VisualScripting.Core\Dependencies\DotNetZip\Unity.VisualScripting.IonicZip.dll
Symbol file LoadedFromMemory doesn't match image C:\Users\kyoichi kagiyama\Documents\depthkit-builtin-rp-vfx-template2\Library\PackageCache\com.unity.visualscripting@1.7.8\Editor\VisualScripting.Core\Dependencies\YamlDotNet\Unity.VisualScripting.YamlDotNet.dll
Native extension for WindowsStandalone target not found
Native extension for iOS target not found
Refreshing native plugins compatible for Editor in 119.16 ms, found 7 plugins.
Preloading 0 native plugins for Editor in 0.00 ms.
Package Manager log level set to [2]
Mono: successfully reloaded assembly
- Completed reload, in  1.288 seconds
Domain Reload Profiling:
	ReloadAssembly (1289ms)
		BeginReloadAssembly (101ms)
			ExecutionOrderSort (0ms)
			DisableScriptedObjects (4ms)
			BackupInstance (0ms)
			ReleaseScriptingObjects (0ms)
			CreateAndSetChildDomain (17ms)
		EndReloadAssembly (1083ms)
			LoadAssemblies (70ms)
			RebuildTransferFunctionScriptingTraits (0ms)
			SetupTypeCache (297ms)
			ReleaseScriptCaches (1ms)
			RebuildScriptCaches (74ms)
			SetupLoadedEditorAssemblies (590ms)
				LogAssemblyErrors (0ms)
				InitializePlatformSupportModulesInManaged (15ms)
				SetLoadedEditorAssemblies (0ms)
				RefreshPlugins (119ms)
				BeforeProcessingInitializeOnLoad (112ms)
				ProcessInitializeOnLoadAttributes (212ms)
				ProcessInitializeOnLoadMethodAttributes (128ms)
				AfterProcessingInitializeOnLoad (4ms)
				EditorAssembliesLoaded (0ms)
			ExecutionOrderSort2 (0ms)
			AwakeInstancesAfterBackupRestoration (4ms)
Platform modules already initialized, skipping
========================================================================
Worker process is ready to serve import requests
Launched and connected shader compiler UnityShaderCompiler.exe after 0.04 seconds
Refreshing native plugins compatible for Editor in 2.52 ms, found 7 plugins.
Preloading 0 native plugins for Editor in 0.00 ms.
Unloading 5817 Unused Serialized files (Serialized files now loaded: 0)
Unloading 161 unused Assets / (4.0 MB). Loaded Objects now: 6151.
Memory consumption went from 213.2 MB to 209.2 MB.
Total: 9.560700 ms (FindLiveObjects: 0.444300 ms CreateObjectMapping: 0.256500 ms MarkObjects: 8.225100 ms  DeleteObjects: 0.633500 ms)

AssetImportParameters requested are different than current active one (requested -> active):
  custom:video-decoder-ogg-theora: a1e56fd34408186e4bbccfd4996cb3dc -> 
  custom:container-muxer-webm: aa71ff27fc2769a1b78a27578f13a17b -> 
  custom:container-demuxer-webm: 4f35f7cbe854078d1ac9338744f61a02 -> 
  custom:video-encoder-webm-vp8: eb34c28f22e8b96e1ab97ce403110664 -> 
  custom:video-codec-MediaFoundation-h265: 746d11721c4dcdbdad8f713fa42b33f4 -> 
  custom:audio-encoder-webm-vorbis: bf7c407c2cedff20999df2af8eb42d56 -> 
  custom:framework-win-MediaFoundation: 216162199b28c13a410421893ffa2e32 -> 
  custom:container-demuxer-ogg: 62fdf1f143b41e24485cea50d1cbac27 -> 
  custom:video-decoder-webm-vp8: 9c59270c3fd7afecdb556c50c9e8de78 -> 
  custom:audio-decoder-ogg-vorbis: bf7c407c2cedff20999df2af8eb42d56 -> 
========================================================================
Received Import Request.
  Time since last request: 32622.571814 seconds.
  path: Assets/VFX/heart.vfx
  artifactKey: Guid(9e7213bd58995b04b813847a380c9951) Importer(815301076,1909f56bfc062723c751e8b465ee728b)
Start importing Assets/VFX/heart.vfx using Guid(9e7213bd58995b04b813847a380c9951) Importer(815301076,1909f56bfc062723c751e8b465ee728b)  -> (artifact id: '7e35def83fef328b95bc1735cbfa003b') in 0.034222 seconds 
========================================================================
Received Import Request.
  Time since last request: 56.358447 seconds.
  path: Assets/p012.vfx
  artifactKey: Guid(f0245ef5355ad0243b550bf106226bb3) Importer(815301076,1909f56bfc062723c751e8b465ee728b)
Start importing Assets/p012.vfx using Guid(f0245ef5355ad0243b550bf106226bb3) Importer(815301076,1909f56bfc062723c751e8b465ee728b)  -> (artifact id: 'a4e4d0634bd7785f67b5e961ea339d19') in 0.005698 seconds 
========================================================================
Received Import Request.
  Time since last request: 5.948627 seconds.
  path: Assets/p012.vfx
  artifactKey: Guid(f0245ef5355ad0243b550bf106226bb3) Importer(815301076,1909f56bfc062723c751e8b465ee728b)
Start importing Assets/p012.vfx using Guid(f0245ef5355ad0243b550bf106226bb3) Importer(815301076,1909f56bfc062723c751e8b465ee728b)  -> (artifact id: '8b5254f99e7b77d491a735206233c7ca') in 0.002770 seconds 
========================================================================
Received Import Request.
  Time since last request: 408.277337 seconds.
  path: Assets/VFX/p005.vfx
  artifactKey: Guid(a71c55b52bd94d84b931d51c9baea62e) Importer(815301076,1909f56bfc062723c751e8b465ee728b)
Start importing Assets/VFX/p005.vfx using Guid(a71c55b52bd94d84b931d51c9baea62e) Importer(815301076,1909f56bfc062723c751e8b465ee728b)  -> (artifact id: '6d9a272a60bd4277a2da87dd715f0255') in 0.006976 seconds 
========================================================================
Received Import Request.
  Time since last request: 19.364522 seconds.
  path: Assets/VFX/cart.vfx
  artifactKey: Guid(23575255abe48a04ab7f051cbaea4f73) Importer(815301076,1909f56bfc062723c751e8b465ee728b)
Start importing Assets/VFX/cart.vfx using Guid(23575255abe48a04ab7f051cbaea4f73) Importer(815301076,1909f56bfc062723c751e8b465ee728b)  -> (artifact id: 'ef6e6d7e9b5a8546feae359cdf045602') in 0.002770 seconds 
========================================================================
Received Import Request.
  Time since last request: 0.000019 seconds.
  path: Assets/VFX/heart.vfx
  artifactKey: Guid(9e7213bd58995b04b813847a380c9951) Importer(815301076,1909f56bfc062723c751e8b465ee728b)
Start importing Assets/VFX/heart.vfx using Guid(9e7213bd58995b04b813847a380c9951) Importer(815301076,1909f56bfc062723c751e8b465ee728b)  -> (artifact id: 'ffcf6c7d83720834c73260d3cc8c284a') in 0.002696 seconds 
========================================================================
Received Import Request.
  Time since last request: 0.000016 seconds.
  path: Assets/VFX/Rainbow VFX.vfx
  artifactKey: Guid(ff8356d85d1feb742ae751898a2f7ec5) Importer(815301076,1909f56bfc062723c751e8b465ee728b)
Start importing Assets/VFX/Rainbow VFX.vfx using Guid(ff8356d85d1feb742ae751898a2f7ec5) Importer(815301076,1909f56bfc062723c751e8b465ee728b)  -> (artifact id: 'eefaa3f66ac29e9edc2c3e2d84665070') in 0.002628 seconds 
